<?xml version="1.0" encoding="UTF-8"?>
<!-- Generated by org.testng.reporters.JUnitXMLReporter -->
<testsuite hostname="RamSakhi" name="Default test" tests="5" failures="0" timestamp="7 Mar 2017 18:47:43 GMT" time="28.751" errors="0">
  <testcase name="productPage" time="6.524" classname="com.amazon.tests.ProductSelectionTest"/>
  <testcase name="selectQty" time="4.134" classname="com.amazon.tests.ProductSelectionTest"/>
  <testcase name="verifyProductTitle" time="0.086" classname="com.amazon.tests.ProductSelectionTest"/>
  <testcase name="addToCart" time="2.016" classname="com.amazon.tests.ProductSelectionTest"/>
  <testcase name="emptyCart" time="3.133" classname="com.amazon.tests.ProductSelectionTest"/>
</testsuite> <!-- Default test -->
